Analysis & Synthesis report for BCD_adder
Wed Apr  3 05:34:23 2024
Quartus Prime Version 22.1std.2 Build 922 07/20/2023 SC Lite Edition


---------------------
; Table of Contents ;
---------------------
  1. Legal Notice
  2. Analysis & Synthesis Summary
  3. Analysis & Synthesis Settings
  4. Parallel Compilation
  5. Analysis & Synthesis Source Files Read
  6. Analysis & Synthesis Resource Usage Summary
  7. Analysis & Synthesis Resource Utilization by Entity
  8. General Register Statistics
  9. Multiplexer Restructuring Statistics (Restructuring Performed)
 10. Port Connectivity Checks: "char_7seg:H3"
 11. Port Connectivity Checks: "ripple_carry_adder:H0|full_adder:f0|mux2to1:G0"
 12. Port Connectivity Checks: "ripple_carry_adder:H0"
 13. Port Connectivity Checks: "mux2to1:G1"
 14. Port Connectivity Checks: "mux2to1:U1"
 15. Post-Synthesis Netlist Statistics for Top Partition
 16. Elapsed Time Per Partition
 17. Analysis & Synthesis Messages



----------------
; Legal Notice ;
----------------
Copyright (C) 2023  Intel Corporation. All rights reserved.
Your use of Intel Corporation's design tools, logic functions 
and other software and tools, and any partner logic 
functions, and any output files from any of the foregoing 
(including device programming or simulation files), and any 
associated documentation or information are expressly subject 
to the terms and conditions of the Intel Program License 
Subscription Agreement, the Intel Quartus Prime License Agreement,
the Intel FPGA IP License Agreement, or other applicable license
agreement, including, without limitation, that your use is for
the sole purpose of programming logic devices manufactured by
Intel and sold by Intel or its authorized distributors.  Please
refer to the applicable agreement for further details, at
https://fpgasoftware.intel.com/eula.



+-------------------------------------------------------------------------------------+
; Analysis & Synthesis Summary                                                        ;
+------------------------------------+------------------------------------------------+
; Analysis & Synthesis Status        ; Successful - Wed Apr  3 05:34:23 2024          ;
; Quartus Prime Version              ; 22.1std.2 Build 922 07/20/2023 SC Lite Edition ;
; Revision Name                      ; BCD_adder                                      ;
; Top-level Entity Name              ; BCD_adder                                      ;
; Family                             ; MAX 10                                         ;
; Total logic elements               ; 36                                             ;
;     Total combinational functions  ; 36                                             ;
;     Dedicated logic registers      ; 0                                              ;
; Total registers                    ; 0                                              ;
; Total pins                         ; 48                                             ;
; Total virtual pins                 ; 0                                              ;
; Total memory bits                  ; 0                                              ;
; Embedded Multiplier 9-bit elements ; 0                                              ;
; Total PLLs                         ; 0                                              ;
; UFM blocks                         ; 0                                              ;
; ADC blocks                         ; 0                                              ;
+------------------------------------+------------------------------------------------+


+------------------------------------------------------------------------------------------------------------+
; Analysis & Synthesis Settings                                                                              ;
+------------------------------------------------------------------+--------------------+--------------------+
; Option                                                           ; Setting            ; Default Value      ;
+------------------------------------------------------------------+--------------------+--------------------+
; Device                                                           ; 10M50DAF484C6GES   ;                    ;
; Top-level entity name                                            ; BCD_adder          ; BCD_adder          ;
; Family name                                                      ; MAX 10             ; Cyclone V          ;
; Use smart compilation                                            ; Off                ; Off                ;
; Enable parallel Assembler and Timing Analyzer during compilation ; On                 ; On                 ;
; Enable compact report table                                      ; Off                ; Off                ;
; Restructure Multiplexers                                         ; Auto               ; Auto               ;
; Create Debugging Nodes for IP Cores                              ; Off                ; Off                ;
; Preserve fewer node names                                        ; On                 ; On                 ;
; Intel FPGA IP Evaluation Mode                                    ; Enable             ; Enable             ;
; Verilog Version                                                  ; Verilog_2001       ; Verilog_2001       ;
; VHDL Version                                                     ; VHDL_1993          ; VHDL_1993          ;
; State Machine Processing                                         ; Auto               ; Auto               ;
; Safe State Machine                                               ; Off                ; Off                ;
; Extract Verilog State Machines                                   ; On                 ; On                 ;
; Extract VHDL State Machines                                      ; On                 ; On                 ;
; Ignore Verilog initial constructs                                ; Off                ; Off                ;
; Iteration limit for constant Verilog loops                       ; 5000               ; 5000               ;
; Iteration limit for non-constant Verilog loops                   ; 250                ; 250                ;
; Add Pass-Through Logic to Inferred RAMs                          ; On                 ; On                 ;
; Infer RAMs from Raw Logic                                        ; On                 ; On                 ;
; Parallel Synthesis                                               ; On                 ; On                 ;
; DSP Block Balancing                                              ; Auto               ; Auto               ;
; NOT Gate Push-Back                                               ; On                 ; On                 ;
; Power-Up Don't Care                                              ; On                 ; On                 ;
; Remove Redundant Logic Cells                                     ; Off                ; Off                ;
; Remove Duplicate Registers                                       ; On                 ; On                 ;
; Ignore CARRY Buffers                                             ; Off                ; Off                ;
; Ignore CASCADE Buffers                                           ; Off                ; Off                ;
; Ignore GLOBAL Buffers                                            ; Off                ; Off                ;
; Ignore ROW GLOBAL Buffers                                        ; Off                ; Off                ;
; Ignore LCELL Buffers                                             ; Off                ; Off                ;
; Ignore SOFT Buffers                                              ; On                 ; On                 ;
; Limit AHDL Integers to 32 Bits                                   ; Off                ; Off                ;
; Optimization Technique                                           ; Balanced           ; Balanced           ;
; Carry Chain Length                                               ; 70                 ; 70                 ;
; Auto Carry Chains                                                ; On                 ; On                 ;
; Auto Open-Drain Pins                                             ; On                 ; On                 ;
; Perform WYSIWYG Primitive Resynthesis                            ; Off                ; Off                ;
; Auto ROM Replacement                                             ; On                 ; On                 ;
; Auto RAM Replacement                                             ; On                 ; On                 ;
; Auto DSP Block Replacement                                       ; On                 ; On                 ;
; Auto Shift Register Replacement                                  ; Auto               ; Auto               ;
; Allow Shift Register Merging across Hierarchies                  ; Auto               ; Auto               ;
; Auto Clock Enable Replacement                                    ; On                 ; On                 ;
; Strict RAM Replacement                                           ; Off                ; Off                ;
; Allow Synchronous Control Signals                                ; On                 ; On                 ;
; Force Use of Synchronous Clear Signals                           ; Off                ; Off                ;
; Auto RAM Block Balancing                                         ; On                 ; On                 ;
; Auto RAM to Logic Cell Conversion                                ; Off                ; Off                ;
; Auto Resource Sharing                                            ; Off                ; Off                ;
; Allow Any RAM Size For Recognition                               ; Off                ; Off                ;
; Allow Any ROM Size For Recognition                               ; Off                ; Off                ;
; Allow Any Shift Register Size For Recognition                    ; Off                ; Off                ;
; Use LogicLock Constraints during Resource Balancing              ; On                 ; On                 ;
; Ignore translate_off and synthesis_off directives                ; Off                ; Off                ;
; Timing-Driven Synthesis                                          ; On                 ; On                 ;
; Report Parameter Settings                                        ; On                 ; On                 ;
; Report Source Assignments                                        ; On                 ; On                 ;
; Report Connectivity Checks                                       ; On                 ; On                 ;
; Ignore Maximum Fan-Out Assignments                               ; Off                ; Off                ;
; Synchronization Register Chain Length                            ; 2                  ; 2                  ;
; Power Optimization During Synthesis                              ; Normal compilation ; Normal compilation ;
; HDL message level                                                ; Level2             ; Level2             ;
; Suppress Register Optimization Related Messages                  ; Off                ; Off                ;
; Number of Removed Registers Reported in Synthesis Report         ; 5000               ; 5000               ;
; Number of Swept Nodes Reported in Synthesis Report               ; 5000               ; 5000               ;
; Number of Inverted Registers Reported in Synthesis Report        ; 100                ; 100                ;
; Clock MUX Protection                                             ; On                 ; On                 ;
; Auto Gated Clock Conversion                                      ; Off                ; Off                ;
; Block Design Naming                                              ; Auto               ; Auto               ;
; SDC constraint protection                                        ; Off                ; Off                ;
; Synthesis Effort                                                 ; Auto               ; Auto               ;
; Shift Register Replacement - Allow Asynchronous Clear Signal     ; On                 ; On                 ;
; Pre-Mapping Resynthesis Optimization                             ; Off                ; Off                ;
; Analysis & Synthesis Message Level                               ; Medium             ; Medium             ;
; Disable Register Merging Across Hierarchies                      ; Auto               ; Auto               ;
; Resource Aware Inference For Block RAM                           ; On                 ; On                 ;
+------------------------------------------------------------------+--------------------+--------------------+


+------------------------------------------+
; Parallel Compilation                     ;
+----------------------------+-------------+
; Processors                 ; Number      ;
+----------------------------+-------------+
; Number detected on machine ; 12          ;
; Maximum allowed            ; 10          ;
;                            ;             ;
; Average used               ; 1.00        ;
; Maximum used               ; 1           ;
;                            ;             ;
; Usage by Processor         ; % Time Used ;
;     Processor 1            ; 100.0%      ;
+----------------------------+-------------+


+-----------------------------------------------------------------------------------------------------------------------------------------------------------------------------------+
; Analysis & Synthesis Source Files Read                                                                                                                                            ;
+----------------------------------+-----------------+------------------------+-------------------------------------------------------------------------------------------+---------+
; File Name with User-Entered Path ; Used in Netlist ; File Type              ; File Name with Absolute Path                                                              ; Library ;
+----------------------------------+-----------------+------------------------+-------------------------------------------------------------------------------------------+---------+
; BCD_adder.v                      ; yes             ; User Verilog HDL File  ; C:/Users/chaan/Documents/Quartus/Intel Digital Logic Labs/Lab2/part4/BCD_adder.v          ;         ;
; mux2to1.v                        ; yes             ; User Verilog HDL File  ; C:/Users/chaan/Documents/Quartus/Intel Digital Logic Labs/Lab2/part4/mux2to1.v            ;         ;
; full_adder.v                     ; yes             ; User Verilog HDL File  ; C:/Users/chaan/Documents/Quartus/Intel Digital Logic Labs/Lab2/part4/full_adder.v         ;         ;
; ripple_carry_adder.v             ; yes             ; User Verilog HDL File  ; C:/Users/chaan/Documents/Quartus/Intel Digital Logic Labs/Lab2/part4/ripple_carry_adder.v ;         ;
; char_7seg.v                      ; yes             ; User Verilog HDL File  ; C:/Users/chaan/Documents/Quartus/Intel Digital Logic Labs/Lab2/part4/char_7seg.v          ;         ;
; comparator.v                     ; yes             ; User Verilog HDL File  ; C:/Users/chaan/Documents/Quartus/Intel Digital Logic Labs/Lab2/part4/comparator.v         ;         ;
; circuitA.v                       ; yes             ; User Verilog HDL File  ; C:/Users/chaan/Documents/Quartus/Intel Digital Logic Labs/Lab2/part4/circuitA.v           ;         ;
; circuitB.v                       ; yes             ; User Verilog HDL File  ; C:/Users/chaan/Documents/Quartus/Intel Digital Logic Labs/Lab2/part4/circuitB.v           ;         ;
+----------------------------------+-----------------+------------------------+-------------------------------------------------------------------------------------------+---------+


+-----------------------------------------------------------+
; Analysis & Synthesis Resource Usage Summary               ;
+---------------------------------------------+-------------+
; Resource                                    ; Usage       ;
+---------------------------------------------+-------------+
; Estimated Total logic elements              ; 36          ;
;                                             ;             ;
; Total combinational functions               ; 36          ;
; Logic element usage by number of LUT inputs ;             ;
;     -- 4 input functions                    ; 24          ;
;     -- 3 input functions                    ; 12          ;
;     -- <=2 input functions                  ; 0           ;
;                                             ;             ;
; Logic elements by mode                      ;             ;
;     -- normal mode                          ; 36          ;
;     -- arithmetic mode                      ; 0           ;
;                                             ;             ;
; Total registers                             ; 0           ;
;     -- Dedicated logic registers            ; 0           ;
;     -- I/O registers                        ; 0           ;
;                                             ;             ;
; I/O pins                                    ; 48          ;
;                                             ;             ;
; Embedded Multiplier 9-bit elements          ; 0           ;
;                                             ;             ;
; Maximum fan-out node                        ; SW[5]~input ;
; Maximum fan-out                             ; 10          ;
; Total fan-out                               ; 211         ;
; Average fan-out                             ; 1.60        ;
+---------------------------------------------+-------------+


+---------------------------------------------------------------------------------------------------------------------------------------------------------------------------------------------------------------------------------------------------------------------------------+
; Analysis & Synthesis Resource Utilization by Entity                                                                                                                                                                                                                             ;
+----------------------------+---------------------+---------------------------+-------------+------------+--------------+---------+-----------+------+--------------+------------+-----------------------------------------------------------+--------------------+--------------+
; Compilation Hierarchy Node ; Combinational ALUTs ; Dedicated Logic Registers ; Memory Bits ; UFM Blocks ; DSP Elements ; DSP 9x9 ; DSP 18x18 ; Pins ; Virtual Pins ; ADC blocks ; Full Hierarchy Name                                       ; Entity Name        ; Library Name ;
+----------------------------+---------------------+---------------------------+-------------+------------+--------------+---------+-----------+------+--------------+------------+-----------------------------------------------------------+--------------------+--------------+
; |BCD_adder                 ; 36 (1)              ; 0 (0)                     ; 0           ; 0          ; 0            ; 0       ; 0         ; 48   ; 0            ; 0          ; |BCD_adder                                                ; BCD_adder          ; work         ;
;    |char_7seg:G2|          ; 7 (7)               ; 0 (0)                     ; 0           ; 0          ; 0            ; 0       ; 0         ; 0    ; 0            ; 0          ; |BCD_adder|char_7seg:G2                                   ; char_7seg          ; work         ;
;    |char_7seg:H8|          ; 8 (8)               ; 0 (0)                     ; 0           ; 0          ; 0            ; 0       ; 0         ; 0    ; 0            ; 0          ; |BCD_adder|char_7seg:H8                                   ; char_7seg          ; work         ;
;    |char_7seg:U2|          ; 7 (7)               ; 0 (0)                     ; 0           ; 0          ; 0            ; 0       ; 0         ; 0    ; 0            ; 0          ; |BCD_adder|char_7seg:U2                                   ; char_7seg          ; work         ;
;    |comparator:G0|         ; 1 (1)               ; 0 (0)                     ; 0           ; 0          ; 0            ; 0       ; 0         ; 0    ; 0            ; 0          ; |BCD_adder|comparator:G0                                  ; comparator         ; work         ;
;    |mux2to1:H7|            ; 4 (4)               ; 0 (0)                     ; 0           ; 0          ; 0            ; 0       ; 0         ; 0    ; 0            ; 0          ; |BCD_adder|mux2to1:H7                                     ; mux2to1            ; work         ;
;    |ripple_carry_adder:H0| ; 8 (0)               ; 0 (0)                     ; 0           ; 0          ; 0            ; 0       ; 0         ; 0    ; 0            ; 0          ; |BCD_adder|ripple_carry_adder:H0                          ; ripple_carry_adder ; work         ;
;       |full_adder:f0|      ; 2 (1)               ; 0 (0)                     ; 0           ; 0          ; 0            ; 0       ; 0         ; 0    ; 0            ; 0          ; |BCD_adder|ripple_carry_adder:H0|full_adder:f0            ; full_adder         ; work         ;
;          |mux2to1:G0|      ; 1 (1)               ; 0 (0)                     ; 0           ; 0          ; 0            ; 0       ; 0         ; 0    ; 0            ; 0          ; |BCD_adder|ripple_carry_adder:H0|full_adder:f0|mux2to1:G0 ; mux2to1            ; work         ;
;       |full_adder:f1|      ; 2 (1)               ; 0 (0)                     ; 0           ; 0          ; 0            ; 0       ; 0         ; 0    ; 0            ; 0          ; |BCD_adder|ripple_carry_adder:H0|full_adder:f1            ; full_adder         ; work         ;
;          |mux2to1:G0|      ; 1 (1)               ; 0 (0)                     ; 0           ; 0          ; 0            ; 0       ; 0         ; 0    ; 0            ; 0          ; |BCD_adder|ripple_carry_adder:H0|full_adder:f1|mux2to1:G0 ; mux2to1            ; work         ;
;       |full_adder:f2|      ; 2 (1)               ; 0 (0)                     ; 0           ; 0          ; 0            ; 0       ; 0         ; 0    ; 0            ; 0          ; |BCD_adder|ripple_carry_adder:H0|full_adder:f2            ; full_adder         ; work         ;
;          |mux2to1:G0|      ; 1 (1)               ; 0 (0)                     ; 0           ; 0          ; 0            ; 0       ; 0         ; 0    ; 0            ; 0          ; |BCD_adder|ripple_carry_adder:H0|full_adder:f2|mux2to1:G0 ; mux2to1            ; work         ;
;       |full_adder:f3|      ; 2 (1)               ; 0 (0)                     ; 0           ; 0          ; 0            ; 0       ; 0         ; 0    ; 0            ; 0          ; |BCD_adder|ripple_carry_adder:H0|full_adder:f3            ; full_adder         ; work         ;
;          |mux2to1:G0|      ; 1 (1)               ; 0 (0)                     ; 0           ; 0          ; 0            ; 0       ; 0         ; 0    ; 0            ; 0          ; |BCD_adder|ripple_carry_adder:H0|full_adder:f3|mux2to1:G0 ; mux2to1            ; work         ;
+----------------------------+---------------------+---------------------------+-------------+------------+--------------+---------+-----------+------+--------------+------------+-----------------------------------------------------------+--------------------+--------------+
Note: For table entries with two numbers listed, the numbers in parentheses indicate the number of resources of the given type used by the specific entity alone. The numbers listed outside of parentheses indicate the total resources of the given type used by the specific entity and all of its sub-entities in the hierarchy.


+------------------------------------------------------+
; General Register Statistics                          ;
+----------------------------------------------+-------+
; Statistic                                    ; Value ;
+----------------------------------------------+-------+
; Total registers                              ; 0     ;
; Number of registers using Synchronous Clear  ; 0     ;
; Number of registers using Synchronous Load   ; 0     ;
; Number of registers using Asynchronous Clear ; 0     ;
; Number of registers using Asynchronous Load  ; 0     ;
; Number of registers using Clock Enable       ; 0     ;
; Number of registers using Preset             ; 0     ;
+----------------------------------------------+-------+


+------------------------------------------------------------------------------------------------------------------------------------------+
; Multiplexer Restructuring Statistics (Restructuring Performed)                                                                           ;
+--------------------+-----------+---------------+----------------------+------------------------+------------+----------------------------+
; Multiplexer Inputs ; Bus Width ; Baseline Area ; Area if Restructured ; Saving if Restructured ; Registered ; Example Multiplexer Output ;
+--------------------+-----------+---------------+----------------------+------------------------+------------+----------------------------+
; 3:1                ; 2 bits    ; 4 LEs         ; 4 LEs                ; 0 LEs                  ; No         ; |BCD_adder|mux2to1:H7|m[3] ;
+--------------------+-----------+---------------+----------------------+------------------------+------------+----------------------------+


+---------------------------------------------------------------------------------------------------------------------------------------------------------------------+
; Port Connectivity Checks: "char_7seg:H3"                                                                                                                            ;
+------+-------+----------+-------------------------------------------------------------------------------------------------------------------------------------------+
; Port ; Type  ; Severity ; Details                                                                                                                                   ;
+------+-------+----------+-------------------------------------------------------------------------------------------------------------------------------------------+
; C    ; Input ; Warning  ; Input port expression (1 bits) is smaller than the input port (4 bits) it drives.  Extra input bit(s) "C[3..1]" will be connected to GND. ;
+------+-------+----------+-------------------------------------------------------------------------------------------------------------------------------------------+


+----------------------------------------------------------------------------------------------------------------------------------------------------------------------+
; Port Connectivity Checks: "ripple_carry_adder:H0|full_adder:f0|mux2to1:G0"                                                                                           ;
+------+--------+----------+-------------------------------------------------------------------------------------------------------------------------------------------+
; Port ; Type   ; Severity ; Details                                                                                                                                   ;
+------+--------+----------+-------------------------------------------------------------------------------------------------------------------------------------------+
; x    ; Input  ; Warning  ; Input port expression (1 bits) is smaller than the input port (4 bits) it drives.  Extra input bit(s) "x[3..1]" will be connected to GND. ;
; y    ; Input  ; Warning  ; Input port expression (1 bits) is smaller than the input port (4 bits) it drives.  Extra input bit(s) "y[3..1]" will be connected to GND. ;
; m    ; Output ; Warning  ; Output or bidir port (4 bits) is wider than the port expression (1 bits) it drives; bit(s) "m[3..1]" have no fanouts                      ;
+------+--------+----------+-------------------------------------------------------------------------------------------------------------------------------------------+


+----------------------------------------------------------------------------------------------------------------------+
; Port Connectivity Checks: "ripple_carry_adder:H0"                                                                    ;
+------------+--------+----------+-------------------------------------------------------------------------------------+
; Port       ; Type   ; Severity ; Details                                                                             ;
+------------+--------+----------+-------------------------------------------------------------------------------------+
; LEDR[9..5] ; Output ; Info     ; Connected to dangling logic. Logic that only feeds a dangling port will be removed. ;
+------------+--------+----------+-------------------------------------------------------------------------------------+


+----------------------------------------+
; Port Connectivity Checks: "mux2to1:G1" ;
+------+-------+----------+--------------+
; Port ; Type  ; Severity ; Details      ;
+------+-------+----------+--------------+
; y    ; Input ; Info     ; Stuck at VCC ;
+------+-------+----------+--------------+


+----------------------------------------+
; Port Connectivity Checks: "mux2to1:U1" ;
+------+-------+----------+--------------+
; Port ; Type  ; Severity ; Details      ;
+------+-------+----------+--------------+
; y    ; Input ; Info     ; Stuck at VCC ;
+------+-------+----------+--------------+


+-----------------------------------------------------+
; Post-Synthesis Netlist Statistics for Top Partition ;
+-----------------------+-----------------------------+
; Type                  ; Count                       ;
+-----------------------+-----------------------------+
; boundary_port         ; 48                          ;
; cycloneiii_lcell_comb ; 40                          ;
;     normal            ; 40                          ;
;         0 data inputs ; 2                           ;
;         1 data inputs ; 2                           ;
;         3 data inputs ; 12                          ;
;         4 data inputs ; 24                          ;
;                       ;                             ;
; Max LUT depth         ; 7.00                        ;
; Average LUT depth     ; 4.22                        ;
+-----------------------+-----------------------------+


+-------------------------------+
; Elapsed Time Per Partition    ;
+----------------+--------------+
; Partition Name ; Elapsed Time ;
+----------------+--------------+
; Top            ; 00:00:00     ;
+----------------+--------------+


+-------------------------------+
; Analysis & Synthesis Messages ;
+-------------------------------+
Info: *******************************************************************
Info: Running Quartus Prime Analysis & Synthesis
    Info: Version 22.1std.2 Build 922 07/20/2023 SC Lite Edition
    Info: Processing started: Wed Apr  3 05:34:09 2024
Info: Command: quartus_map --read_settings_files=on --write_settings_files=off BCD_adder -c BCD_adder
Warning (18236): Number of processors has not been specified which may cause overloading on shared machines.  Set the global assignment NUM_PARALLEL_PROCESSORS in your QSF to an appropriate value for best performance.
Info (20030): Parallel compilation is enabled and will use 10 of the 10 processors detected
Info (12021): Found 1 design units, including 1 entities, in source file bcd_adder.v
    Info (12023): Found entity 1: BCD_adder File: C:/Users/chaan/Documents/Quartus/Intel Digital Logic Labs/Lab2/part4/BCD_adder.v Line: 1
Info (12021): Found 1 design units, including 1 entities, in source file mux2to1.v
    Info (12023): Found entity 1: mux2to1 File: C:/Users/chaan/Documents/Quartus/Intel Digital Logic Labs/Lab2/part4/mux2to1.v Line: 1
Info (12021): Found 1 design units, including 1 entities, in source file full_adder.v
    Info (12023): Found entity 1: full_adder File: C:/Users/chaan/Documents/Quartus/Intel Digital Logic Labs/Lab2/part4/full_adder.v Line: 1
Info (12021): Found 1 design units, including 1 entities, in source file ripple_carry_adder.v
    Info (12023): Found entity 1: ripple_carry_adder File: C:/Users/chaan/Documents/Quartus/Intel Digital Logic Labs/Lab2/part4/ripple_carry_adder.v Line: 1
Info (12021): Found 1 design units, including 1 entities, in source file char_7seg.v
    Info (12023): Found entity 1: char_7seg File: C:/Users/chaan/Documents/Quartus/Intel Digital Logic Labs/Lab2/part4/char_7seg.v Line: 2
Info (12021): Found 1 design units, including 1 entities, in source file comparator.v
    Info (12023): Found entity 1: comparator File: C:/Users/chaan/Documents/Quartus/Intel Digital Logic Labs/Lab2/part4/comparator.v Line: 1
Info (12021): Found 1 design units, including 1 entities, in source file circuita.v
    Info (12023): Found entity 1: circuitA File: C:/Users/chaan/Documents/Quartus/Intel Digital Logic Labs/Lab2/part4/circuitA.v Line: 1
Info (12021): Found 1 design units, including 1 entities, in source file circuitb.v
    Info (12023): Found entity 1: circuitB File: C:/Users/chaan/Documents/Quartus/Intel Digital Logic Labs/Lab2/part4/circuitB.v Line: 1
Info (12127): Elaborating entity "BCD_adder" for the top level hierarchy
Warning (10034): Output port "LEDR[8..5]" at BCD_adder.v(4) has no driver File: C:/Users/chaan/Documents/Quartus/Intel Digital Logic Labs/Lab2/part4/BCD_adder.v Line: 4
Info (12128): Elaborating entity "comparator" for hierarchy "comparator:U0" File: C:/Users/chaan/Documents/Quartus/Intel Digital Logic Labs/Lab2/part4/BCD_adder.v Line: 27
Info (12128): Elaborating entity "mux2to1" for hierarchy "mux2to1:U1" File: C:/Users/chaan/Documents/Quartus/Intel Digital Logic Labs/Lab2/part4/BCD_adder.v Line: 29
Info (12128): Elaborating entity "char_7seg" for hierarchy "char_7seg:U2" File: C:/Users/chaan/Documents/Quartus/Intel Digital Logic Labs/Lab2/part4/BCD_adder.v Line: 31
Info (12128): Elaborating entity "ripple_carry_adder" for hierarchy "ripple_carry_adder:H0" File: C:/Users/chaan/Documents/Quartus/Intel Digital Logic Labs/Lab2/part4/BCD_adder.v Line: 40
Warning (10034): Output port "LEDR[9..5]" at ripple_carry_adder.v(7) has no driver File: C:/Users/chaan/Documents/Quartus/Intel Digital Logic Labs/Lab2/part4/ripple_carry_adder.v Line: 7
Info (12128): Elaborating entity "full_adder" for hierarchy "ripple_carry_adder:H0|full_adder:f0" File: C:/Users/chaan/Documents/Quartus/Intel Digital Logic Labs/Lab2/part4/ripple_carry_adder.v Line: 19
Info (12128): Elaborating entity "circuitA" for hierarchy "circuitA:H4" File: C:/Users/chaan/Documents/Quartus/Intel Digital Logic Labs/Lab2/part4/BCD_adder.v Line: 45
Info (12128): Elaborating entity "circuitB" for hierarchy "circuitB:H6" File: C:/Users/chaan/Documents/Quartus/Intel Digital Logic Labs/Lab2/part4/BCD_adder.v Line: 47
Warning (12030): Port "m" on the entity instantiation of "G0" is connected to a signal of width 1. The formal width of the signal in the module is 4.  The extra bits will be left dangling without any fan-out logic. File: C:/Users/chaan/Documents/Quartus/Intel Digital Logic Labs/Lab2/part4/full_adder.v Line: 8
Warning (12010): Port "x" on the entity instantiation of "G0" is connected to a signal of width 1. The formal width of the signal in the module is 4.  The extra bits will be driven by GND. File: C:/Users/chaan/Documents/Quartus/Intel Digital Logic Labs/Lab2/part4/full_adder.v Line: 8
Warning (12010): Port "y" on the entity instantiation of "G0" is connected to a signal of width 1. The formal width of the signal in the module is 4.  The extra bits will be driven by GND. File: C:/Users/chaan/Documents/Quartus/Intel Digital Logic Labs/Lab2/part4/full_adder.v Line: 8
Warning (12030): Port "m" on the entity instantiation of "G0" is connected to a signal of width 1. The formal width of the signal in the module is 4.  The extra bits will be left dangling without any fan-out logic. File: C:/Users/chaan/Documents/Quartus/Intel Digital Logic Labs/Lab2/part4/full_adder.v Line: 8
Warning (12010): Port "x" on the entity instantiation of "G0" is connected to a signal of width 1. The formal width of the signal in the module is 4.  The extra bits will be driven by GND. File: C:/Users/chaan/Documents/Quartus/Intel Digital Logic Labs/Lab2/part4/full_adder.v Line: 8
Warning (12010): Port "y" on the entity instantiation of "G0" is connected to a signal of width 1. The formal width of the signal in the module is 4.  The extra bits will be driven by GND. File: C:/Users/chaan/Documents/Quartus/Intel Digital Logic Labs/Lab2/part4/full_adder.v Line: 8
Warning (12030): Port "m" on the entity instantiation of "G0" is connected to a signal of width 1. The formal width of the signal in the module is 4.  The extra bits will be left dangling without any fan-out logic. File: C:/Users/chaan/Documents/Quartus/Intel Digital Logic Labs/Lab2/part4/full_adder.v Line: 8
Warning (12010): Port "x" on the entity instantiation of "G0" is connected to a signal of width 1. The formal width of the signal in the module is 4.  The extra bits will be driven by GND. File: C:/Users/chaan/Documents/Quartus/Intel Digital Logic Labs/Lab2/part4/full_adder.v Line: 8
Warning (12010): Port "y" on the entity instantiation of "G0" is connected to a signal of width 1. The formal width of the signal in the module is 4.  The extra bits will be driven by GND. File: C:/Users/chaan/Documents/Quartus/Intel Digital Logic Labs/Lab2/part4/full_adder.v Line: 8
Warning (12241): 2 hierarchies have connectivity warnings - see the Connectivity Checks report folder
Warning (13024): Output pins are stuck at VCC or GND
    Warning (13410): Pin "LEDR[5]" is stuck at GND File: C:/Users/chaan/Documents/Quartus/Intel Digital Logic Labs/Lab2/part4/BCD_adder.v Line: 4
    Warning (13410): Pin "LEDR[6]" is stuck at GND File: C:/Users/chaan/Documents/Quartus/Intel Digital Logic Labs/Lab2/part4/BCD_adder.v Line: 4
    Warning (13410): Pin "LEDR[7]" is stuck at GND File: C:/Users/chaan/Documents/Quartus/Intel Digital Logic Labs/Lab2/part4/BCD_adder.v Line: 4
    Warning (13410): Pin "LEDR[8]" is stuck at GND File: C:/Users/chaan/Documents/Quartus/Intel Digital Logic Labs/Lab2/part4/BCD_adder.v Line: 4
    Warning (13410): Pin "HEX1[6]" is stuck at VCC File: C:/Users/chaan/Documents/Quartus/Intel Digital Logic Labs/Lab2/part4/BCD_adder.v Line: 5
    Warning (13410): Pin "HEX1[2]" is stuck at GND File: C:/Users/chaan/Documents/Quartus/Intel Digital Logic Labs/Lab2/part4/BCD_adder.v Line: 5
    Warning (13410): Pin "HEX1[1]" is stuck at GND File: C:/Users/chaan/Documents/Quartus/Intel Digital Logic Labs/Lab2/part4/BCD_adder.v Line: 5
Info (286030): Timing-Driven Synthesis is running
Info (16010): Generating hard_block partition "hard_block:auto_generated_inst"
    Info (16011): Adding 0 node(s), including 0 DDIO, 0 PLL, 0 transceiver and 0 LCELL
Warning (21074): Design contains 1 input pin(s) that do not drive logic
    Warning (15610): No output dependent on input pin "SW[9]" File: C:/Users/chaan/Documents/Quartus/Intel Digital Logic Labs/Lab2/part4/BCD_adder.v Line: 2
Info (21057): Implemented 84 device resources after synthesis - the final resource count might be different
    Info (21058): Implemented 10 input pins
    Info (21059): Implemented 38 output pins
    Info (21061): Implemented 36 logic cells
Info: Quartus Prime Analysis & Synthesis was successful. 0 errors, 23 warnings
    Info: Peak virtual memory: 4782 megabytes
    Info: Processing ended: Wed Apr  3 05:34:23 2024
    Info: Elapsed time: 00:00:14
    Info: Total CPU time (on all processors): 00:00:17


