Analysis & Synthesis report for part6
Thu Mar 21 20:29:50 2024
Quartus Prime Version 22.1std.2 Build 922 07/20/2023 SC Lite Edition


---------------------
; Table of Contents ;
---------------------
  1. Legal Notice
  2. Analysis & Synthesis Summary
  3. Analysis & Synthesis Settings
  4. Parallel Compilation
  5. Analysis & Synthesis Source Files Read
  6. Analysis & Synthesis Resource Usage Summary
  7. Analysis & Synthesis Resource Utilization by Entity
  8. User-Specified and Inferred Latches
  9. General Register Statistics
 10. Multiplexer Restructuring Statistics (Restructuring Performed)
 11. Port Connectivity Checks: "mux_3bit_8to1:U0"
 12. Post-Synthesis Netlist Statistics for Top Partition
 13. Elapsed Time Per Partition
 14. Analysis & Synthesis Messages



----------------
; Legal Notice ;
----------------
Copyright (C) 2023  Intel Corporation. All rights reserved.
Your use of Intel Corporation's design tools, logic functions 
and other software and tools, and any partner logic 
functions, and any output files from any of the foregoing 
(including device programming or simulation files), and any 
associated documentation or information are expressly subject 
to the terms and conditions of the Intel Program License 
Subscription Agreement, the Intel Quartus Prime License Agreement,
the Intel FPGA IP License Agreement, or other applicable license
agreement, including, without limitation, that your use is for
the sole purpose of programming logic devices manufactured by
Intel and sold by Intel or its authorized distributors.  Please
refer to the applicable agreement for further details, at
https://fpgasoftware.intel.com/eula.



+-------------------------------------------------------------------------------------+
; Analysis & Synthesis Summary                                                        ;
+------------------------------------+------------------------------------------------+
; Analysis & Synthesis Status        ; Successful - Thu Mar 21 20:29:50 2024          ;
; Quartus Prime Version              ; 22.1std.2 Build 922 07/20/2023 SC Lite Edition ;
; Revision Name                      ; part6                                          ;
; Top-level Entity Name              ; part6                                          ;
; Family                             ; MAX 10                                         ;
; Total logic elements               ; 38                                             ;
;     Total combinational functions  ; 38                                             ;
;     Dedicated logic registers      ; 0                                              ;
; Total registers                    ; 0                                              ;
; Total pins                         ; 62                                             ;
; Total virtual pins                 ; 0                                              ;
; Total memory bits                  ; 0                                              ;
; Embedded Multiplier 9-bit elements ; 0                                              ;
; Total PLLs                         ; 0                                              ;
; UFM blocks                         ; 0                                              ;
; ADC blocks                         ; 0                                              ;
+------------------------------------+------------------------------------------------+


+------------------------------------------------------------------------------------------------------------+
; Analysis & Synthesis Settings                                                                              ;
+------------------------------------------------------------------+--------------------+--------------------+
; Option                                                           ; Setting            ; Default Value      ;
+------------------------------------------------------------------+--------------------+--------------------+
; Device                                                           ; 10M50DAF484C6GES   ;                    ;
; Top-level entity name                                            ; part6              ; part6              ;
; Family name                                                      ; MAX 10             ; Cyclone V          ;
; Use smart compilation                                            ; Off                ; Off                ;
; Enable parallel Assembler and Timing Analyzer during compilation ; On                 ; On                 ;
; Enable compact report table                                      ; Off                ; Off                ;
; Restructure Multiplexers                                         ; Auto               ; Auto               ;
; Create Debugging Nodes for IP Cores                              ; Off                ; Off                ;
; Preserve fewer node names                                        ; On                 ; On                 ;
; Intel FPGA IP Evaluation Mode                                    ; Enable             ; Enable             ;
; Verilog Version                                                  ; Verilog_2001       ; Verilog_2001       ;
; VHDL Version                                                     ; VHDL_1993          ; VHDL_1993          ;
; State Machine Processing                                         ; Auto               ; Auto               ;
; Safe State Machine                                               ; Off                ; Off                ;
; Extract Verilog State Machines                                   ; On                 ; On                 ;
; Extract VHDL State Machines                                      ; On                 ; On                 ;
; Ignore Verilog initial constructs                                ; Off                ; Off                ;
; Iteration limit for constant Verilog loops                       ; 5000               ; 5000               ;
; Iteration limit for non-constant Verilog loops                   ; 250                ; 250                ;
; Add Pass-Through Logic to Inferred RAMs                          ; On                 ; On                 ;
; Infer RAMs from Raw Logic                                        ; On                 ; On                 ;
; Parallel Synthesis                                               ; On                 ; On                 ;
; DSP Block Balancing                                              ; Auto               ; Auto               ;
; NOT Gate Push-Back                                               ; On                 ; On                 ;
; Power-Up Don't Care                                              ; On                 ; On                 ;
; Remove Redundant Logic Cells                                     ; Off                ; Off                ;
; Remove Duplicate Registers                                       ; On                 ; On                 ;
; Ignore CARRY Buffers                                             ; Off                ; Off                ;
; Ignore CASCADE Buffers                                           ; Off                ; Off                ;
; Ignore GLOBAL Buffers                                            ; Off                ; Off                ;
; Ignore ROW GLOBAL Buffers                                        ; Off                ; Off                ;
; Ignore LCELL Buffers                                             ; Off                ; Off                ;
; Ignore SOFT Buffers                                              ; On                 ; On                 ;
; Limit AHDL Integers to 32 Bits                                   ; Off                ; Off                ;
; Optimization Technique                                           ; Balanced           ; Balanced           ;
; Carry Chain Length                                               ; 70                 ; 70                 ;
; Auto Carry Chains                                                ; On                 ; On                 ;
; Auto Open-Drain Pins                                             ; On                 ; On                 ;
; Perform WYSIWYG Primitive Resynthesis                            ; Off                ; Off                ;
; Auto ROM Replacement                                             ; On                 ; On                 ;
; Auto RAM Replacement                                             ; On                 ; On                 ;
; Auto DSP Block Replacement                                       ; On                 ; On                 ;
; Auto Shift Register Replacement                                  ; Auto               ; Auto               ;
; Allow Shift Register Merging across Hierarchies                  ; Auto               ; Auto               ;
; Auto Clock Enable Replacement                                    ; On                 ; On                 ;
; Strict RAM Replacement                                           ; Off                ; Off                ;
; Allow Synchronous Control Signals                                ; On                 ; On                 ;
; Force Use of Synchronous Clear Signals                           ; Off                ; Off                ;
; Auto RAM Block Balancing                                         ; On                 ; On                 ;
; Auto RAM to Logic Cell Conversion                                ; Off                ; Off                ;
; Auto Resource Sharing                                            ; Off                ; Off                ;
; Allow Any RAM Size For Recognition                               ; Off                ; Off                ;
; Allow Any ROM Size For Recognition                               ; Off                ; Off                ;
; Allow Any Shift Register Size For Recognition                    ; Off                ; Off                ;
; Use LogicLock Constraints during Resource Balancing              ; On                 ; On                 ;
; Ignore translate_off and synthesis_off directives                ; Off                ; Off                ;
; Timing-Driven Synthesis                                          ; On                 ; On                 ;
; Report Parameter Settings                                        ; On                 ; On                 ;
; Report Source Assignments                                        ; On                 ; On                 ;
; Report Connectivity Checks                                       ; On                 ; On                 ;
; Ignore Maximum Fan-Out Assignments                               ; Off                ; Off                ;
; Synchronization Register Chain Length                            ; 2                  ; 2                  ;
; Power Optimization During Synthesis                              ; Normal compilation ; Normal compilation ;
; HDL message level                                                ; Level2             ; Level2             ;
; Suppress Register Optimization Related Messages                  ; Off                ; Off                ;
; Number of Removed Registers Reported in Synthesis Report         ; 5000               ; 5000               ;
; Number of Swept Nodes Reported in Synthesis Report               ; 5000               ; 5000               ;
; Number of Inverted Registers Reported in Synthesis Report        ; 100                ; 100                ;
; Clock MUX Protection                                             ; On                 ; On                 ;
; Auto Gated Clock Conversion                                      ; Off                ; Off                ;
; Block Design Naming                                              ; Auto               ; Auto               ;
; SDC constraint protection                                        ; Off                ; Off                ;
; Synthesis Effort                                                 ; Auto               ; Auto               ;
; Shift Register Replacement - Allow Asynchronous Clear Signal     ; On                 ; On                 ;
; Pre-Mapping Resynthesis Optimization                             ; Off                ; Off                ;
; Analysis & Synthesis Message Level                               ; Medium             ; Medium             ;
; Disable Register Merging Across Hierarchies                      ; Auto               ; Auto               ;
; Resource Aware Inference For Block RAM                           ; On                 ; On                 ;
+------------------------------------------------------------------+--------------------+--------------------+


+------------------------------------------+
; Parallel Compilation                     ;
+----------------------------+-------------+
; Processors                 ; Number      ;
+----------------------------+-------------+
; Number detected on machine ; 12          ;
; Maximum allowed            ; 10          ;
;                            ;             ;
; Average used               ; 1.00        ;
; Maximum used               ; 10          ;
;                            ;             ;
; Usage by Processor         ; % Time Used ;
;     Processor 1            ; 100.0%      ;
;     Processors 2-10        ;   0.0%      ;
+----------------------------+-------------+


+-------------------------------------------------------------------------------------------------------------------------------------------------------------------------------+
; Analysis & Synthesis Source Files Read                                                                                                                                        ;
+----------------------------------+-----------------+------------------------+---------------------------------------------------------------------------------------+---------+
; File Name with User-Entered Path ; Used in Netlist ; File Type              ; File Name with Absolute Path                                                          ; Library ;
+----------------------------------+-----------------+------------------------+---------------------------------------------------------------------------------------+---------+
; part6.v                          ; yes             ; User Verilog HDL File  ; C:/Users/chaan/Documents/Quartus/Intel Digital Logic Labs/Lab1/part_6/part6.v         ;         ;
; mux_3bit_8to1.v                  ; yes             ; User Verilog HDL File  ; C:/Users/chaan/Documents/Quartus/Intel Digital Logic Labs/Lab1/part_6/mux_3bit_8to1.v ;         ;
; char_7seg.v                      ; yes             ; User Verilog HDL File  ; C:/Users/chaan/Documents/Quartus/Intel Digital Logic Labs/Lab1/part_6/char_7seg.v     ;         ;
+----------------------------------+-----------------+------------------------+---------------------------------------------------------------------------------------+---------+


+---------------------------------------------------------------------+
; Analysis & Synthesis Resource Usage Summary                         ;
+---------------------------------------------+-----------------------+
; Resource                                    ; Usage                 ;
+---------------------------------------------+-----------------------+
; Estimated Total logic elements              ; 38                    ;
;                                             ;                       ;
; Total combinational functions               ; 38                    ;
; Logic element usage by number of LUT inputs ;                       ;
;     -- 4 input functions                    ; 0                     ;
;     -- 3 input functions                    ; 32                    ;
;     -- <=2 input functions                  ; 6                     ;
;                                             ;                       ;
; Logic elements by mode                      ;                       ;
;     -- normal mode                          ; 38                    ;
;     -- arithmetic mode                      ; 0                     ;
;                                             ;                       ;
; Total registers                             ; 0                     ;
;     -- Dedicated logic registers            ; 0                     ;
;     -- I/O registers                        ; 0                     ;
;                                             ;                       ;
; I/O pins                                    ; 62                    ;
;                                             ;                       ;
; Embedded Multiplier 9-bit elements          ; 0                     ;
;                                             ;                       ;
; Maximum fan-out node                        ; mux_3bit_8to1:U0|M[0] ;
; Maximum fan-out                             ; 34                    ;
; Total fan-out                               ; 222                   ;
; Average fan-out                             ; 1.37                  ;
+---------------------------------------------+-----------------------+


+------------------------------------------------------------------------------------------------------------------------------------------------------------------------------------------------------------------------------------------+
; Analysis & Synthesis Resource Utilization by Entity                                                                                                                                                                                      ;
+----------------------------+---------------------+---------------------------+-------------+------------+--------------+---------+-----------+------+--------------+------------+-------------------------+---------------+--------------+
; Compilation Hierarchy Node ; Combinational ALUTs ; Dedicated Logic Registers ; Memory Bits ; UFM Blocks ; DSP Elements ; DSP 9x9 ; DSP 18x18 ; Pins ; Virtual Pins ; ADC blocks ; Full Hierarchy Name     ; Entity Name   ; Library Name ;
+----------------------------+---------------------+---------------------------+-------------+------------+--------------+---------+-----------+------+--------------+------------+-------------------------+---------------+--------------+
; |part6                     ; 38 (0)              ; 0 (0)                     ; 0           ; 0          ; 0            ; 0       ; 0         ; 62   ; 0            ; 0          ; |part6                  ; part6         ; work         ;
;    |char_7seg:H0|          ; 34 (34)             ; 0 (0)                     ; 0           ; 0          ; 0            ; 0       ; 0         ; 0    ; 0            ; 0          ; |part6|char_7seg:H0     ; char_7seg     ; work         ;
;    |mux_3bit_8to1:U0|      ; 4 (4)               ; 0 (0)                     ; 0           ; 0          ; 0            ; 0       ; 0         ; 0    ; 0            ; 0          ; |part6|mux_3bit_8to1:U0 ; mux_3bit_8to1 ; work         ;
+----------------------------+---------------------+---------------------------+-------------+------------+--------------+---------+-----------+------+--------------+------------+-------------------------+---------------+--------------+
Note: For table entries with two numbers listed, the numbers in parentheses indicate the number of resources of the given type used by the specific entity alone. The numbers listed outside of parentheses indicate the total resources of the given type used by the specific entity and all of its sub-entities in the hierarchy.


+-----------------------------------------------------------------------------------------------------+
; User-Specified and Inferred Latches                                                                 ;
+----------------------------------------------------+-----------------------+------------------------+
; Latch Name                                         ; Latch Enable Signal   ; Free of Timing Hazards ;
+----------------------------------------------------+-----------------------+------------------------+
; mux_3bit_8to1:U0|M[0]                              ; mux_3bit_8to1:U0|Mux3 ; yes                    ;
; mux_3bit_8to1:U0|M[1]                              ; mux_3bit_8to1:U0|Mux3 ; yes                    ;
; mux_3bit_8to1:U0|M[2]                              ; mux_3bit_8to1:U0|Mux3 ; yes                    ;
; Number of user-specified and inferred latches = 3  ;                       ;                        ;
+----------------------------------------------------+-----------------------+------------------------+
Note: All latches listed above may not be present at the end of synthesis due to various synthesis optimizations.


+------------------------------------------------------+
; General Register Statistics                          ;
+----------------------------------------------+-------+
; Statistic                                    ; Value ;
+----------------------------------------------+-------+
; Total registers                              ; 0     ;
; Number of registers using Synchronous Clear  ; 0     ;
; Number of registers using Synchronous Load   ; 0     ;
; Number of registers using Asynchronous Clear ; 0     ;
; Number of registers using Asynchronous Load  ; 0     ;
; Number of registers using Clock Enable       ; 0     ;
; Number of registers using Preset             ; 0     ;
+----------------------------------------------+-------+


+--------------------------------------------------------------------------------------------------------------------------------------------+
; Multiplexer Restructuring Statistics (Restructuring Performed)                                                                             ;
+--------------------+-----------+---------------+----------------------+------------------------+------------+------------------------------+
; Multiplexer Inputs ; Bus Width ; Baseline Area ; Area if Restructured ; Saving if Restructured ; Registered ; Example Multiplexer Output   ;
+--------------------+-----------+---------------+----------------------+------------------------+------------+------------------------------+
; 3:1                ; 4 bits    ; 8 LEs         ; 8 LEs                ; 0 LEs                  ; No         ; |part6|char_7seg:H0|segment0 ;
; 3:1                ; 17 bits   ; 34 LEs        ; 34 LEs               ; 0 LEs                  ; No         ; |part6|char_7seg:H0|HEX2[5]  ;
; 4:1                ; 6 bits    ; 12 LEs        ; 12 LEs               ; 0 LEs                  ; No         ; |part6|char_7seg:H0|HEX0[0]  ;
+--------------------+-----------+---------------+----------------------+------------------------+------------+------------------------------+


+-----------------------------------------------------------------------------------------------------------------------------------------------------------------------------------------------------------------+
; Port Connectivity Checks: "mux_3bit_8to1:U0"                                                                                                                                                                    ;
+---------+-------+----------+------------------------------------------------------------------------------------------------------------------------------------------------------------------------------------+
; Port    ; Type  ; Severity ; Details                                                                                                                                                                            ;
+---------+-------+----------+------------------------------------------------------------------------------------------------------------------------------------------------------------------------------------+
; U       ; Input ; Warning  ; Input port expression (32 bits) is wider than the input port (3 bits) it drives.  The 29 most-significant bit(s) in the expression will be dangling if they have no other fanouts. ;
; U[2..0] ; Input ; Info     ; Stuck at GND                                                                                                                                                                       ;
; V       ; Input ; Warning  ; Input port expression (32 bits) is wider than the input port (3 bits) it drives.  The 29 most-significant bit(s) in the expression will be dangling if they have no other fanouts. ;
; V[2..1] ; Input ; Info     ; Stuck at GND                                                                                                                                                                       ;
; V[0]    ; Input ; Info     ; Stuck at VCC                                                                                                                                                                       ;
; W       ; Input ; Warning  ; Input port expression (32 bits) is wider than the input port (3 bits) it drives.  The 29 most-significant bit(s) in the expression will be dangling if they have no other fanouts. ;
; W[2]    ; Input ; Info     ; Stuck at GND                                                                                                                                                                       ;
; W[1]    ; Input ; Info     ; Stuck at VCC                                                                                                                                                                       ;
; W[0]    ; Input ; Info     ; Stuck at GND                                                                                                                                                                       ;
; X       ; Input ; Warning  ; Input port expression (32 bits) is wider than the input port (3 bits) it drives.  The 29 most-significant bit(s) in the expression will be dangling if they have no other fanouts. ;
; X[1..0] ; Input ; Info     ; Stuck at VCC                                                                                                                                                                       ;
; X[2]    ; Input ; Info     ; Stuck at GND                                                                                                                                                                       ;
; Y       ; Input ; Warning  ; Input port expression (32 bits) is wider than the input port (3 bits) it drives.  The 29 most-significant bit(s) in the expression will be dangling if they have no other fanouts. ;
; Y[1..0] ; Input ; Info     ; Stuck at GND                                                                                                                                                                       ;
; Y[2]    ; Input ; Info     ; Stuck at VCC                                                                                                                                                                       ;
; Z       ; Input ; Warning  ; Input port expression (32 bits) is wider than the input port (3 bits) it drives.  The 29 most-significant bit(s) in the expression will be dangling if they have no other fanouts. ;
; Z[2]    ; Input ; Info     ; Stuck at VCC                                                                                                                                                                       ;
; Z[1]    ; Input ; Info     ; Stuck at GND                                                                                                                                                                       ;
; Z[0]    ; Input ; Info     ; Stuck at VCC                                                                                                                                                                       ;
+---------+-------+----------+------------------------------------------------------------------------------------------------------------------------------------------------------------------------------------+


+-----------------------------------------------------+
; Post-Synthesis Netlist Statistics for Top Partition ;
+-----------------------+-----------------------------+
; Type                  ; Count                       ;
+-----------------------+-----------------------------+
; boundary_port         ; 62                          ;
; cycloneiii_lcell_comb ; 48                          ;
;     normal            ; 48                          ;
;         1 data inputs ; 10                          ;
;         2 data inputs ; 6                           ;
;         3 data inputs ; 32                          ;
;                       ;                             ;
; Max LUT depth         ; 2.00                        ;
; Average LUT depth     ; 1.30                        ;
+-----------------------+-----------------------------+


+-------------------------------+
; Elapsed Time Per Partition    ;
+----------------+--------------+
; Partition Name ; Elapsed Time ;
+----------------+--------------+
; Top            ; 00:00:00     ;
+----------------+--------------+


+-------------------------------+
; Analysis & Synthesis Messages ;
+-------------------------------+
Info: *******************************************************************
Info: Running Quartus Prime Analysis & Synthesis
    Info: Version 22.1std.2 Build 922 07/20/2023 SC Lite Edition
    Info: Processing started: Thu Mar 21 20:29:37 2024
Info: Command: quartus_map --read_settings_files=on --write_settings_files=off part6 -c part6
Warning (18236): Number of processors has not been specified which may cause overloading on shared machines.  Set the global assignment NUM_PARALLEL_PROCESSORS in your QSF to an appropriate value for best performance.
Info (20030): Parallel compilation is enabled and will use 10 of the 10 processors detected
Info (12021): Found 1 design units, including 1 entities, in source file part6.v
    Info (12023): Found entity 1: part6 File: C:/Users/chaan/Documents/Quartus/Intel Digital Logic Labs/Lab1/part_6/part6.v Line: 1
Info (12021): Found 1 design units, including 1 entities, in source file mux_3bit_8to1.v
    Info (12023): Found entity 1: mux_3bit_8to1 File: C:/Users/chaan/Documents/Quartus/Intel Digital Logic Labs/Lab1/part_6/mux_3bit_8to1.v Line: 2
Info (12021): Found 1 design units, including 1 entities, in source file char_7seg.v
    Info (12023): Found entity 1: char_7seg File: C:/Users/chaan/Documents/Quartus/Intel Digital Logic Labs/Lab1/part_6/char_7seg.v Line: 2
Info (12127): Elaborating entity "part6" for the top level hierarchy
Info (12128): Elaborating entity "mux_3bit_8to1" for hierarchy "mux_3bit_8to1:U0" File: C:/Users/chaan/Documents/Quartus/Intel Digital Logic Labs/Lab1/part_6/part6.v Line: 16
Warning (10270): Verilog HDL Case Statement warning at mux_3bit_8to1.v(8): incomplete case statement has no default case item File: C:/Users/chaan/Documents/Quartus/Intel Digital Logic Labs/Lab1/part_6/mux_3bit_8to1.v Line: 8
Warning (10240): Verilog HDL Always Construct warning at mux_3bit_8to1.v(6): inferring latch(es) for variable "M", which holds its previous value in one or more paths through the always construct File: C:/Users/chaan/Documents/Quartus/Intel Digital Logic Labs/Lab1/part_6/mux_3bit_8to1.v Line: 6
Info (10041): Inferred latch for "M[0]" at mux_3bit_8to1.v(6) File: C:/Users/chaan/Documents/Quartus/Intel Digital Logic Labs/Lab1/part_6/mux_3bit_8to1.v Line: 6
Info (10041): Inferred latch for "M[1]" at mux_3bit_8to1.v(6) File: C:/Users/chaan/Documents/Quartus/Intel Digital Logic Labs/Lab1/part_6/mux_3bit_8to1.v Line: 6
Info (10041): Inferred latch for "M[2]" at mux_3bit_8to1.v(6) File: C:/Users/chaan/Documents/Quartus/Intel Digital Logic Labs/Lab1/part_6/mux_3bit_8to1.v Line: 6
Info (12128): Elaborating entity "char_7seg" for hierarchy "char_7seg:H0" File: C:/Users/chaan/Documents/Quartus/Intel Digital Logic Labs/Lab1/part_6/part6.v Line: 17
Warning (12241): 1 hierarchies have connectivity warnings - see the Connectivity Checks report folder
Warning (13012): Latch mux_3bit_8to1:U0|M[1] has unsafe behavior File: C:/Users/chaan/Documents/Quartus/Intel Digital Logic Labs/Lab1/part_6/mux_3bit_8to1.v Line: 6
    Warning (13013): Ports D and ENA on the latch are fed by the same signal SW[8] File: C:/Users/chaan/Documents/Quartus/Intel Digital Logic Labs/Lab1/part_6/part6.v Line: 2
Warning (13012): Latch mux_3bit_8to1:U0|M[2] has unsafe behavior File: C:/Users/chaan/Documents/Quartus/Intel Digital Logic Labs/Lab1/part_6/mux_3bit_8to1.v Line: 6
    Warning (13013): Ports D and ENA on the latch are fed by the same signal SW[9] File: C:/Users/chaan/Documents/Quartus/Intel Digital Logic Labs/Lab1/part_6/part6.v Line: 2
Info (286030): Timing-Driven Synthesis is running
Info (16010): Generating hard_block partition "hard_block:auto_generated_inst"
    Info (16011): Adding 0 node(s), including 0 DDIO, 0 PLL, 0 transceiver and 0 LCELL
Info (21057): Implemented 100 device resources after synthesis - the final resource count might be different
    Info (21058): Implemented 10 input pins
    Info (21059): Implemented 52 output pins
    Info (21061): Implemented 38 logic cells
Info: Quartus Prime Analysis & Synthesis was successful. 0 errors, 8 warnings
    Info: Peak virtual memory: 4834 megabytes
    Info: Processing ended: Thu Mar 21 20:29:50 2024
    Info: Elapsed time: 00:00:13
    Info: Total CPU time (on all processors): 00:00:17


