Analysis & Synthesis report for part2
Sun May 26 14:57:54 2024
Quartus Prime Version 22.1std.2 Build 922 07/20/2023 SC Lite Edition


---------------------
; Table of Contents ;
---------------------
  1. Legal Notice
  2. Analysis & Synthesis Summary
  3. Analysis & Synthesis Settings
  4. Parallel Compilation
  5. Analysis & Synthesis Source Files Read
  6. Analysis & Synthesis Resource Usage Summary
  7. Analysis & Synthesis Resource Utilization by Entity
  8. General Register Statistics
  9. Multiplexer Restructuring Statistics (Restructuring Performed)
 10. Parameter Settings for User Entity Instance: smaller_counter:U2
 11. Parameter Settings for User Entity Instance: smaller_counter_seg2:U3
 12. Parameter Settings for User Entity Instance: smaller_counter_seg3:U4
 13. Post-Synthesis Netlist Statistics for Top Partition
 14. Elapsed Time Per Partition
 15. Analysis & Synthesis Messages



----------------
; Legal Notice ;
----------------
Copyright (C) 2023  Intel Corporation. All rights reserved.
Your use of Intel Corporation's design tools, logic functions 
and other software and tools, and any partner logic 
functions, and any output files from any of the foregoing 
(including device programming or simulation files), and any 
associated documentation or information are expressly subject 
to the terms and conditions of the Intel Program License 
Subscription Agreement, the Intel Quartus Prime License Agreement,
the Intel FPGA IP License Agreement, or other applicable license
agreement, including, without limitation, that your use is for
the sole purpose of programming logic devices manufactured by
Intel and sold by Intel or its authorized distributors.  Please
refer to the applicable agreement for further details, at
https://fpgasoftware.intel.com/eula.



+-------------------------------------------------------------------------------------+
; Analysis & Synthesis Summary                                                        ;
+------------------------------------+------------------------------------------------+
; Analysis & Synthesis Status        ; Successful - Sun May 26 14:57:54 2024          ;
; Quartus Prime Version              ; 22.1std.2 Build 922 07/20/2023 SC Lite Edition ;
; Revision Name                      ; part2                                          ;
; Top-level Entity Name              ; part2                                          ;
; Family                             ; MAX 10                                         ;
; Total logic elements               ; 93                                             ;
;     Total combinational functions  ; 93                                             ;
;     Dedicated logic registers      ; 40                                             ;
; Total registers                    ; 40                                             ;
; Total pins                         ; 23                                             ;
; Total virtual pins                 ; 0                                              ;
; Total memory bits                  ; 0                                              ;
; Embedded Multiplier 9-bit elements ; 0                                              ;
; Total PLLs                         ; 0                                              ;
; UFM blocks                         ; 0                                              ;
; ADC blocks                         ; 0                                              ;
+------------------------------------+------------------------------------------------+


+------------------------------------------------------------------------------------------------------------+
; Analysis & Synthesis Settings                                                                              ;
+------------------------------------------------------------------+--------------------+--------------------+
; Option                                                           ; Setting            ; Default Value      ;
+------------------------------------------------------------------+--------------------+--------------------+
; Device                                                           ; 10M50DAF484C6GES   ;                    ;
; Top-level entity name                                            ; part2              ; part2              ;
; Family name                                                      ; MAX 10             ; Cyclone V          ;
; Use smart compilation                                            ; Off                ; Off                ;
; Enable parallel Assembler and Timing Analyzer during compilation ; On                 ; On                 ;
; Enable compact report table                                      ; Off                ; Off                ;
; Restructure Multiplexers                                         ; Auto               ; Auto               ;
; Create Debugging Nodes for IP Cores                              ; Off                ; Off                ;
; Preserve fewer node names                                        ; On                 ; On                 ;
; Intel FPGA IP Evaluation Mode                                    ; Enable             ; Enable             ;
; Verilog Version                                                  ; Verilog_2001       ; Verilog_2001       ;
; VHDL Version                                                     ; VHDL_1993          ; VHDL_1993          ;
; State Machine Processing                                         ; Auto               ; Auto               ;
; Safe State Machine                                               ; Off                ; Off                ;
; Extract Verilog State Machines                                   ; On                 ; On                 ;
; Extract VHDL State Machines                                      ; On                 ; On                 ;
; Ignore Verilog initial constructs                                ; Off                ; Off                ;
; Iteration limit for constant Verilog loops                       ; 5000               ; 5000               ;
; Iteration limit for non-constant Verilog loops                   ; 250                ; 250                ;
; Add Pass-Through Logic to Inferred RAMs                          ; On                 ; On                 ;
; Infer RAMs from Raw Logic                                        ; On                 ; On                 ;
; Parallel Synthesis                                               ; On                 ; On                 ;
; DSP Block Balancing                                              ; Auto               ; Auto               ;
; NOT Gate Push-Back                                               ; On                 ; On                 ;
; Power-Up Don't Care                                              ; On                 ; On                 ;
; Remove Redundant Logic Cells                                     ; Off                ; Off                ;
; Remove Duplicate Registers                                       ; On                 ; On                 ;
; Ignore CARRY Buffers                                             ; Off                ; Off                ;
; Ignore CASCADE Buffers                                           ; Off                ; Off                ;
; Ignore GLOBAL Buffers                                            ; Off                ; Off                ;
; Ignore ROW GLOBAL Buffers                                        ; Off                ; Off                ;
; Ignore LCELL Buffers                                             ; Off                ; Off                ;
; Ignore SOFT Buffers                                              ; On                 ; On                 ;
; Limit AHDL Integers to 32 Bits                                   ; Off                ; Off                ;
; Optimization Technique                                           ; Balanced           ; Balanced           ;
; Carry Chain Length                                               ; 70                 ; 70                 ;
; Auto Carry Chains                                                ; On                 ; On                 ;
; Auto Open-Drain Pins                                             ; On                 ; On                 ;
; Perform WYSIWYG Primitive Resynthesis                            ; Off                ; Off                ;
; Auto ROM Replacement                                             ; On                 ; On                 ;
; Auto RAM Replacement                                             ; On                 ; On                 ;
; Auto DSP Block Replacement                                       ; On                 ; On                 ;
; Auto Shift Register Replacement                                  ; Auto               ; Auto               ;
; Allow Shift Register Merging across Hierarchies                  ; Auto               ; Auto               ;
; Auto Clock Enable Replacement                                    ; On                 ; On                 ;
; Strict RAM Replacement                                           ; Off                ; Off                ;
; Allow Synchronous Control Signals                                ; On                 ; On                 ;
; Force Use of Synchronous Clear Signals                           ; Off                ; Off                ;
; Auto RAM Block Balancing                                         ; On                 ; On                 ;
; Auto RAM to Logic Cell Conversion                                ; Off                ; Off                ;
; Auto Resource Sharing                                            ; Off                ; Off                ;
; Allow Any RAM Size For Recognition                               ; Off                ; Off                ;
; Allow Any ROM Size For Recognition                               ; Off                ; Off                ;
; Allow Any Shift Register Size For Recognition                    ; Off                ; Off                ;
; Use LogicLock Constraints during Resource Balancing              ; On                 ; On                 ;
; Ignore translate_off and synthesis_off directives                ; Off                ; Off                ;
; Timing-Driven Synthesis                                          ; On                 ; On                 ;
; Report Parameter Settings                                        ; On                 ; On                 ;
; Report Source Assignments                                        ; On                 ; On                 ;
; Report Connectivity Checks                                       ; On                 ; On                 ;
; Ignore Maximum Fan-Out Assignments                               ; Off                ; Off                ;
; Synchronization Register Chain Length                            ; 2                  ; 2                  ;
; Power Optimization During Synthesis                              ; Normal compilation ; Normal compilation ;
; HDL message level                                                ; Level2             ; Level2             ;
; Suppress Register Optimization Related Messages                  ; Off                ; Off                ;
; Number of Removed Registers Reported in Synthesis Report         ; 5000               ; 5000               ;
; Number of Swept Nodes Reported in Synthesis Report               ; 5000               ; 5000               ;
; Number of Inverted Registers Reported in Synthesis Report        ; 100                ; 100                ;
; Clock MUX Protection                                             ; On                 ; On                 ;
; Auto Gated Clock Conversion                                      ; Off                ; Off                ;
; Block Design Naming                                              ; Auto               ; Auto               ;
; SDC constraint protection                                        ; Off                ; Off                ;
; Synthesis Effort                                                 ; Auto               ; Auto               ;
; Shift Register Replacement - Allow Asynchronous Clear Signal     ; On                 ; On                 ;
; Pre-Mapping Resynthesis Optimization                             ; Off                ; Off                ;
; Analysis & Synthesis Message Level                               ; Medium             ; Medium             ;
; Disable Register Merging Across Hierarchies                      ; Auto               ; Auto               ;
; Resource Aware Inference For Block RAM                           ; On                 ; On                 ;
+------------------------------------------------------------------+--------------------+--------------------+


+------------------------------------------+
; Parallel Compilation                     ;
+----------------------------+-------------+
; Processors                 ; Number      ;
+----------------------------+-------------+
; Number detected on machine ; 12          ;
; Maximum allowed            ; 10          ;
;                            ;             ;
; Average used               ; 1.00        ;
; Maximum used               ; 10          ;
;                            ;             ;
; Usage by Processor         ; % Time Used ;
;     Processor 1            ; 100.0%      ;
;     Processors 2-10        ;   0.0%      ;
+----------------------------+-------------+


+-------------------------------------------------------------------------------------------------------------------------------------------------------------------------------------+
; Analysis & Synthesis Source Files Read                                                                                                                                              ;
+----------------------------------+-----------------+------------------------+---------------------------------------------------------------------------------------------+---------+
; File Name with User-Entered Path ; Used in Netlist ; File Type              ; File Name with Absolute Path                                                                ; Library ;
+----------------------------------+-----------------+------------------------+---------------------------------------------------------------------------------------------+---------+
; part2.v                          ; yes             ; User Verilog HDL File  ; C:/Users/chaan/Documents/Quartus/Intel Digital Logic Labs/Lab5/part2/part2.v                ;         ;
; freq_counter.v                   ; yes             ; User Verilog HDL File  ; C:/Users/chaan/Documents/Quartus/Intel Digital Logic Labs/Lab5/part2/freq_counter.v         ;         ;
; nor_gate.v                       ; yes             ; User Verilog HDL File  ; C:/Users/chaan/Documents/Quartus/Intel Digital Logic Labs/Lab5/part2/nor_gate.v             ;         ;
; smaller_counter.v                ; yes             ; User Verilog HDL File  ; C:/Users/chaan/Documents/Quartus/Intel Digital Logic Labs/Lab5/part2/smaller_counter.v      ;         ;
; smaller_counter_seg2.v           ; yes             ; User Verilog HDL File  ; C:/Users/chaan/Documents/Quartus/Intel Digital Logic Labs/Lab5/part2/smaller_counter_seg2.v ;         ;
; char_7seg.v                      ; yes             ; User Verilog HDL File  ; C:/Users/chaan/Documents/Quartus/Intel Digital Logic Labs/Lab5/part2/char_7seg.v            ;         ;
; smaller_counter_seg3.v           ; yes             ; User Verilog HDL File  ; C:/Users/chaan/Documents/Quartus/Intel Digital Logic Labs/Lab5/part2/smaller_counter_seg3.v ;         ;
+----------------------------------+-----------------+------------------------+---------------------------------------------------------------------------------------------+---------+


+---------------------------------------------------------+
; Analysis & Synthesis Resource Usage Summary             ;
+---------------------------------------------+-----------+
; Resource                                    ; Usage     ;
+---------------------------------------------+-----------+
; Estimated Total logic elements              ; 93        ;
;                                             ;           ;
; Total combinational functions               ; 93        ;
; Logic element usage by number of LUT inputs ;           ;
;     -- 4 input functions                    ; 48        ;
;     -- 3 input functions                    ; 2         ;
;     -- <=2 input functions                  ; 43        ;
;                                             ;           ;
; Logic elements by mode                      ;           ;
;     -- normal mode                          ; 68        ;
;     -- arithmetic mode                      ; 25        ;
;                                             ;           ;
; Total registers                             ; 40        ;
;     -- Dedicated logic registers            ; 40        ;
;     -- I/O registers                        ; 0         ;
;                                             ;           ;
; I/O pins                                    ; 23        ;
;                                             ;           ;
; Embedded Multiplier 9-bit elements          ; 0         ;
;                                             ;           ;
; Maximum fan-out node                        ; clk~input ;
; Maximum fan-out                             ; 40        ;
; Total fan-out                               ; 427       ;
; Average fan-out                             ; 2.39      ;
+---------------------------------------------+-----------+


+----------------------------------------------------------------------------------------------------------------------------------------------------------------------------------------------------------------------------------------------------------+
; Analysis & Synthesis Resource Utilization by Entity                                                                                                                                                                                                      ;
+------------------------------+---------------------+---------------------------+-------------+------------+--------------+---------+-----------+------+--------------+------------+--------------------------------+----------------------+--------------+
; Compilation Hierarchy Node   ; Combinational ALUTs ; Dedicated Logic Registers ; Memory Bits ; UFM Blocks ; DSP Elements ; DSP 9x9 ; DSP 18x18 ; Pins ; Virtual Pins ; ADC blocks ; Full Hierarchy Name            ; Entity Name          ; Library Name ;
+------------------------------+---------------------+---------------------------+-------------+------------+--------------+---------+-----------+------+--------------+------------+--------------------------------+----------------------+--------------+
; |part2                       ; 93 (0)              ; 40 (0)                    ; 0           ; 0          ; 0            ; 0       ; 0         ; 23   ; 0            ; 0          ; |part2                         ; part2                ; work         ;
;    |char_7seg:U5|            ; 7 (7)               ; 0 (0)                     ; 0           ; 0          ; 0            ; 0       ; 0         ; 0    ; 0            ; 0          ; |part2|char_7seg:U5            ; char_7seg            ; work         ;
;    |char_7seg:U6|            ; 7 (7)               ; 0 (0)                     ; 0           ; 0          ; 0            ; 0       ; 0         ; 0    ; 0            ; 0          ; |part2|char_7seg:U6            ; char_7seg            ; work         ;
;    |char_7seg:U7|            ; 7 (7)               ; 0 (0)                     ; 0           ; 0          ; 0            ; 0       ; 0         ; 0    ; 0            ; 0          ; |part2|char_7seg:U7            ; char_7seg            ; work         ;
;    |freq_counter:U0|         ; 48 (48)             ; 26 (26)                   ; 0           ; 0          ; 0            ; 0       ; 0         ; 0    ; 0            ; 0          ; |part2|freq_counter:U0         ; freq_counter         ; work         ;
;    |nor_gate:U1|             ; 4 (4)               ; 0 (0)                     ; 0           ; 0          ; 0            ; 0       ; 0         ; 0    ; 0            ; 0          ; |part2|nor_gate:U1             ; nor_gate             ; work         ;
;    |smaller_counter:U2|      ; 5 (5)               ; 5 (5)                     ; 0           ; 0          ; 0            ; 0       ; 0         ; 0    ; 0            ; 0          ; |part2|smaller_counter:U2      ; smaller_counter      ; work         ;
;    |smaller_counter_seg2:U3| ; 6 (6)               ; 5 (5)                     ; 0           ; 0          ; 0            ; 0       ; 0         ; 0    ; 0            ; 0          ; |part2|smaller_counter_seg2:U3 ; smaller_counter_seg2 ; work         ;
;    |smaller_counter_seg3:U4| ; 9 (9)               ; 4 (4)                     ; 0           ; 0          ; 0            ; 0       ; 0         ; 0    ; 0            ; 0          ; |part2|smaller_counter_seg3:U4 ; smaller_counter_seg3 ; work         ;
+------------------------------+---------------------+---------------------------+-------------+------------+--------------+---------+-----------+------+--------------+------------+--------------------------------+----------------------+--------------+
Note: For table entries with two numbers listed, the numbers in parentheses indicate the number of resources of the given type used by the specific entity alone. The numbers listed outside of parentheses indicate the total resources of the given type used by the specific entity and all of its sub-entities in the hierarchy.


+------------------------------------------------------+
; General Register Statistics                          ;
+----------------------------------------------+-------+
; Statistic                                    ; Value ;
+----------------------------------------------+-------+
; Total registers                              ; 40    ;
; Number of registers using Synchronous Clear  ; 0     ;
; Number of registers using Synchronous Load   ; 0     ;
; Number of registers using Asynchronous Clear ; 14    ;
; Number of registers using Asynchronous Load  ; 0     ;
; Number of registers using Clock Enable       ; 8     ;
; Number of registers using Preset             ; 0     ;
+----------------------------------------------+-------+


+---------------------------------------------------------------------------------------------------------------------------------------------------+
; Multiplexer Restructuring Statistics (Restructuring Performed)                                                                                    ;
+--------------------+-----------+---------------+----------------------+------------------------+------------+-------------------------------------+
; Multiplexer Inputs ; Bus Width ; Baseline Area ; Area if Restructured ; Saving if Restructured ; Registered ; Example Multiplexer Output          ;
+--------------------+-----------+---------------+----------------------+------------------------+------------+-------------------------------------+
; 3:1                ; 4 bits    ; 8 LEs         ; 4 LEs                ; 4 LEs                  ; Yes        ; |part2|smaller_counter_seg3:U4|Q[3] ;
+--------------------+-----------+---------------+----------------------+------------------------+------------+-------------------------------------+


+-----------------------------------------------------------------+
; Parameter Settings for User Entity Instance: smaller_counter:U2 ;
+----------------+-------+----------------------------------------+
; Parameter Name ; Value ; Type                                   ;
+----------------+-------+----------------------------------------+
; n              ; 4     ; Signed Integer                         ;
; k              ; 10    ; Signed Integer                         ;
+----------------+-------+----------------------------------------+
Note: In order to hide this table in the UI and the text report file, please set the "Show Parameter Settings in Synthesis Report" option in "Analysis and Synthesis Settings -> More Settings" to "Off".


+----------------------------------------------------------------------+
; Parameter Settings for User Entity Instance: smaller_counter_seg2:U3 ;
+----------------+-------+---------------------------------------------+
; Parameter Name ; Value ; Type                                        ;
+----------------+-------+---------------------------------------------+
; n              ; 4     ; Signed Integer                              ;
; k              ; 10    ; Signed Integer                              ;
+----------------+-------+---------------------------------------------+
Note: In order to hide this table in the UI and the text report file, please set the "Show Parameter Settings in Synthesis Report" option in "Analysis and Synthesis Settings -> More Settings" to "Off".


+----------------------------------------------------------------------+
; Parameter Settings for User Entity Instance: smaller_counter_seg3:U4 ;
+----------------+-------+---------------------------------------------+
; Parameter Name ; Value ; Type                                        ;
+----------------+-------+---------------------------------------------+
; n              ; 4     ; Signed Integer                              ;
; k              ; 10    ; Signed Integer                              ;
+----------------+-------+---------------------------------------------+
Note: In order to hide this table in the UI and the text report file, please set the "Show Parameter Settings in Synthesis Report" option in "Analysis and Synthesis Settings -> More Settings" to "Off".


+-----------------------------------------------------+
; Post-Synthesis Netlist Statistics for Top Partition ;
+-----------------------+-----------------------------+
; Type                  ; Count                       ;
+-----------------------+-----------------------------+
; boundary_port         ; 23                          ;
; cycloneiii_ff         ; 40                          ;
;     CLR               ; 6                           ;
;     ENA CLR           ; 8                           ;
;     plain             ; 26                          ;
; cycloneiii_lcell_comb ; 96                          ;
;     arith             ; 25                          ;
;         2 data inputs ; 25                          ;
;     normal            ; 71                          ;
;         1 data inputs ; 6                           ;
;         2 data inputs ; 15                          ;
;         3 data inputs ; 2                           ;
;         4 data inputs ; 48                          ;
;                       ;                             ;
; Max LUT depth         ; 5.00                        ;
; Average LUT depth     ; 3.26                        ;
+-----------------------+-----------------------------+


+-------------------------------+
; Elapsed Time Per Partition    ;
+----------------+--------------+
; Partition Name ; Elapsed Time ;
+----------------+--------------+
; Top            ; 00:00:00     ;
+----------------+--------------+


+-------------------------------+
; Analysis & Synthesis Messages ;
+-------------------------------+
Info: *******************************************************************
Info: Running Quartus Prime Analysis & Synthesis
    Info: Version 22.1std.2 Build 922 07/20/2023 SC Lite Edition
    Info: Processing started: Sun May 26 14:57:41 2024
Info: Command: quartus_map --read_settings_files=on --write_settings_files=off part2 -c part2
Warning (18236): Number of processors has not been specified which may cause overloading on shared machines.  Set the global assignment NUM_PARALLEL_PROCESSORS in your QSF to an appropriate value for best performance.
Info (20030): Parallel compilation is enabled and will use 10 of the 10 processors detected
Warning (10275): Verilog HDL Module Instantiation warning at part2.v(28): ignored dangling comma in List of Port Connections File: C:/Users/chaan/Documents/Quartus/Intel Digital Logic Labs/Lab5/part2/part2.v Line: 28
Info (12021): Found 1 design units, including 1 entities, in source file part2.v
    Info (12023): Found entity 1: part2 File: C:/Users/chaan/Documents/Quartus/Intel Digital Logic Labs/Lab5/part2/part2.v Line: 1
Info (12021): Found 1 design units, including 1 entities, in source file freq_counter.v
    Info (12023): Found entity 1: freq_counter File: C:/Users/chaan/Documents/Quartus/Intel Digital Logic Labs/Lab5/part2/freq_counter.v Line: 1
Info (12021): Found 1 design units, including 1 entities, in source file nor_gate.v
    Info (12023): Found entity 1: nor_gate File: C:/Users/chaan/Documents/Quartus/Intel Digital Logic Labs/Lab5/part2/nor_gate.v Line: 1
Info (12021): Found 1 design units, including 1 entities, in source file smaller_counter.v
    Info (12023): Found entity 1: smaller_counter File: C:/Users/chaan/Documents/Quartus/Intel Digital Logic Labs/Lab5/part2/smaller_counter.v Line: 1
Info (12021): Found 1 design units, including 1 entities, in source file smaller_counter_seg2.v
    Info (12023): Found entity 1: smaller_counter_seg2 File: C:/Users/chaan/Documents/Quartus/Intel Digital Logic Labs/Lab5/part2/smaller_counter_seg2.v Line: 1
Info (12021): Found 1 design units, including 1 entities, in source file char_7seg.v
    Info (12023): Found entity 1: char_7seg File: C:/Users/chaan/Documents/Quartus/Intel Digital Logic Labs/Lab5/part2/char_7seg.v Line: 2
Info (12021): Found 1 design units, including 1 entities, in source file smaller_counter_seg3.v
    Info (12023): Found entity 1: smaller_counter_seg3 File: C:/Users/chaan/Documents/Quartus/Intel Digital Logic Labs/Lab5/part2/smaller_counter_seg3.v Line: 1
Info (12127): Elaborating entity "part2" for the top level hierarchy
Info (12128): Elaborating entity "freq_counter" for hierarchy "freq_counter:U0" File: C:/Users/chaan/Documents/Quartus/Intel Digital Logic Labs/Lab5/part2/part2.v Line: 19
Warning (10230): Verilog HDL assignment warning at freq_counter.v(13): truncated value with size 32 to match size of target (26) File: C:/Users/chaan/Documents/Quartus/Intel Digital Logic Labs/Lab5/part2/freq_counter.v Line: 13
Info (12128): Elaborating entity "nor_gate" for hierarchy "nor_gate:U1" File: C:/Users/chaan/Documents/Quartus/Intel Digital Logic Labs/Lab5/part2/part2.v Line: 20
Info (12128): Elaborating entity "smaller_counter" for hierarchy "smaller_counter:U2" File: C:/Users/chaan/Documents/Quartus/Intel Digital Logic Labs/Lab5/part2/part2.v Line: 22
Warning (10230): Verilog HDL assignment warning at smaller_counter.v(24): truncated value with size 32 to match size of target (4) File: C:/Users/chaan/Documents/Quartus/Intel Digital Logic Labs/Lab5/part2/smaller_counter.v Line: 24
Warning (10230): Verilog HDL assignment warning at smaller_counter.v(28): truncated value with size 32 to match size of target (4) File: C:/Users/chaan/Documents/Quartus/Intel Digital Logic Labs/Lab5/part2/smaller_counter.v Line: 28
Info (12128): Elaborating entity "smaller_counter_seg2" for hierarchy "smaller_counter_seg2:U3" File: C:/Users/chaan/Documents/Quartus/Intel Digital Logic Labs/Lab5/part2/part2.v Line: 25
Warning (10230): Verilog HDL assignment warning at smaller_counter_seg2.v(25): truncated value with size 32 to match size of target (4) File: C:/Users/chaan/Documents/Quartus/Intel Digital Logic Labs/Lab5/part2/smaller_counter_seg2.v Line: 25
Warning (10230): Verilog HDL assignment warning at smaller_counter_seg2.v(29): truncated value with size 32 to match size of target (4) File: C:/Users/chaan/Documents/Quartus/Intel Digital Logic Labs/Lab5/part2/smaller_counter_seg2.v Line: 29
Info (12128): Elaborating entity "smaller_counter_seg3" for hierarchy "smaller_counter_seg3:U4" File: C:/Users/chaan/Documents/Quartus/Intel Digital Logic Labs/Lab5/part2/part2.v Line: 28
Warning (10230): Verilog HDL assignment warning at smaller_counter_seg3.v(16): truncated value with size 32 to match size of target (4) File: C:/Users/chaan/Documents/Quartus/Intel Digital Logic Labs/Lab5/part2/smaller_counter_seg3.v Line: 16
Info (12128): Elaborating entity "char_7seg" for hierarchy "char_7seg:U5" File: C:/Users/chaan/Documents/Quartus/Intel Digital Logic Labs/Lab5/part2/part2.v Line: 32
Info (286030): Timing-Driven Synthesis is running
Info (16010): Generating hard_block partition "hard_block:auto_generated_inst"
    Info (16011): Adding 0 node(s), including 0 DDIO, 0 PLL, 0 transceiver and 0 LCELL
Info (21057): Implemented 116 device resources after synthesis - the final resource count might be different
    Info (21058): Implemented 2 input pins
    Info (21059): Implemented 21 output pins
    Info (21061): Implemented 93 logic cells
Info: Quartus Prime Analysis & Synthesis was successful. 0 errors, 8 warnings
    Info: Peak virtual memory: 4826 megabytes
    Info: Processing ended: Sun May 26 14:57:54 2024
    Info: Elapsed time: 00:00:13
    Info: Total CPU time (on all processors): 00:00:18


